************************************************************************
Not in type system
************************************************************************

************************************************************************
Generation disabled by type system
 - QAbstractButton::d_func
 - QAbstractEventDispatcher::d_func
 - QAbstractEventDispatcher::filterEvent
 - QAbstractEventDispatcher::setEventFilter
 - QAbstractFileEngine::d_func
 - QAbstractFileEngine::endEntryList
 - QAbstractFileEngine::extension
 - QAbstractFileEngineIterator::entryInfo
 - QAbstractGraphicsShapeItem::d_func
 - QAbstractItemModel::d_func
 - QAbstractItemView::d_func
 - QAbstractPageSetupDialog::d_func
 - QAbstractPrintDialog::d_func
 - QAbstractProxyModel::d_func
 - QAbstractScrollArea::d_func
 - QAbstractSlider::d_func
 - QAbstractSpinBox::d_func
 - QAbstractTextDocumentLayout::d_func
 - QAction::d_func
 - QActionGroup::d_func
 - QActionGroup::selected
 - QApplication::compressEvent
 - QApplication::d_func
 - QBitArray::data_ptr
 - QBitArray::detach
 - QBitArray::isDetached
 - QBoxLayout::d_func
 - QBrush::cleanUp
 - QBrush::data_ptr
 - QBrush::detach
 - QBrush::isDetached
 - QBuffer::d_func
 - QButtonGroup::d_func
 - QByteArray::data_ptr
 - QByteArray::detach
 - QByteArray::isDetached
 - QCalendarWidget::d_func
 - QCheckBox::d_func
 - QCleanlooksStyle::d_func
 - QClipboard::d_func
 - QColorDialog::d_func
 - QColumnView::d_func
 - QComboBox::d_func
 - QCommandLinkButton::d_func
 - QCommonStyle::d_func
 - QCompleter::d_func
 - QCoreApplication::compressEvent
 - QCoreApplication::d_func
 - QCoreApplication::filterEvent
 - QCoreApplication::setEventFilter
 - QDataWidgetMapper::d_func
 - QDateTime::detach
 - QDateTimeEdit::d_func
 - QDesktopWidget::d_func
 - QDial::d_func
 - QDialog::d_func
 - QDialogButtonBox::d_func
 - QDirModel::d_func
 - QDockWidget::d_func
 - QDoubleSpinBox::d_func
 - QDoubleValidator::d_func
 - QDrag::d_func
 - QErrorMessage::d_func
 - QEventLoop::d_func
 - QFSFileEngine::d_func
 - QFile::d_func
 - QFile::setDecodingFunction
 - QFile::setEncodingFunction
 - QFileDialog::d_func
 - QFileIconProvider::d_func
 - QFileInfo::d_func
 - QFileInfo::detach
 - QFileSystemModel::d_func
 - QFileSystemWatcher::d_func
 - QFocusFrame::d_func
 - QFont::detach
 - QFontComboBox::d_func
 - QFontDialog::d_func
 - QFormLayout::d_func
 - QFrame::d_func
 - QGraphicsEllipseItem::d_func
 - QGraphicsGridLayout::d_func
 - QGraphicsItem::d_func
 - QGraphicsItemGroup::d_func
 - QGraphicsLayout::d_func
 - QGraphicsLayoutItem::d_func
 - QGraphicsLineItem::d_func
 - QGraphicsLinearLayout::d_func
 - QGraphicsPathItem::d_func
 - QGraphicsPixmapItem::d_func
 - QGraphicsPolygonItem::d_func
 - QGraphicsProxyWidget::d_func
 - QGraphicsRectItem::d_func
 - QGraphicsScene::d_func
 - QGraphicsSceneContextMenuEvent::d_func
 - QGraphicsSceneDragDropEvent::d_func
 - QGraphicsSceneEvent::d_func
 - QGraphicsSceneHelpEvent::d_func
 - QGraphicsSceneHoverEvent::d_func
 - QGraphicsSceneMouseEvent::d_func
 - QGraphicsSceneMoveEvent::d_func
 - QGraphicsSceneResizeEvent::d_func
 - QGraphicsSceneWheelEvent::d_func
 - QGraphicsSimpleTextItem::d_func
 - QGraphicsView::d_func
 - QGraphicsWidget::d_func
 - QGridLayout::d_func
 - QGroupBox::d_func
 - QGtkStyle::d_func
 - QHash::detach
 - QHash::isDetached
 - QHeaderView::d_func
 - QIODevice::d_func
 - QIcon::data_ptr
 - QIcon::detach
 - QIcon::isDetached
 - QImage::data_ptr
 - QImage::detach
 - QImage::isDetached
 - QImageIOHandler::d_func
 - QInputContext::d_func
 - QInputDialog::d_func
 - QItemDelegate::d_func
 - QItemSelectionModel::d_func
 - QKeySequence::data_ptr
 - QKeySequence::isDetached
 - QLCDNumber::d_func
 - QLabel::d_func
 - QLayout::d_func
 - QLineEdit::d_func
 - QLinkedList::detach
 - QLinkedList::isDetached
 - QList::detach
 - QList::isDetached
 - QListView::d_func
 - QListWidget::d_func
 - QMainWindow::d_func
 - QMap::detach
 - QMap::isDetached
 - QMdiArea::d_func
 - QMdiSubWindow::d_func
 - QMenu::d_func
 - QMenuBar::d_func
 - QMessageBox::d_func
 - QMimeData::d_func
 - QMotifStyle::d_func
 - QMovie::d_func
 - QObject::d_func
 - QPageSetupDialog::d_func
 - QPaintEngine::d_func
 - QPaintEngine::fix_neg_rect
 - QPainter::d_func
 - QPainterPath::d_func
 - QPainterPath::detach
 - QPainterPathStroker::d_func
 - QPalette::detach
 - QPen::data_ptr
 - QPen::detach
 - QPen::isDetached
 - QPicture::d_func
 - QPicture::data_ptr
 - QPicture::detach
 - QPicture::isDetached
 - QPictureIO::defineIOHandler
 - QPixmap::data_ptr
 - QPixmap::detach
 - QPixmap::isDetached
 - QPlainTextDocumentLayout::d_func
 - QPlainTextEdit::d_func
 - QPlastiqueStyle::d_func
 - QPolygon::point
 - QPolygon::putPoints
 - QPolygon::setPoint
 - QPolygon::setPoints
 - QPrintDialog::d_func
 - QPrintPreviewDialog::d_func
 - QPrintPreviewWidget::d_func
 - QPrinter::d_func
 - QPrinter::printerSelectionOption
 - QPrinter::setPrinterSelectionOption
 - QPrinterInfo::d_func
 - QProcess::d_func
 - QProgressBar::d_func
 - QProgressDialog::d_func
 - QProxyModel::d_func
 - QPushButton::d_func
 - QRadioButton::d_func
 - QRegion::cleanUp
 - QRegion::detach
 - QResource::d_func
 - QRubberBand::d_func
 - QScrollArea::d_func
 - QScrollBar::d_func
 - QSessionManager::d_func
 - QSet::detach
 - QSet::isDetached
 - QSettings::d_func
 - QSettings::registerFormat
 - QShortcut::d_func
 - QSignalMapper::d_func
 - QSizeGrip::d_func
 - QSlider::d_func
 - QSocketNotifier::d_func
 - QSortFilterProxyModel::d_func
 - QSound::d_func
 - QSpinBox::d_func
 - QSplashScreen::d_func
 - QSplitter::d_func
 - QSplitterHandle::d_func
 - QStackedLayout::d_func
 - QStackedWidget::d_func
 - QStandardItem::d_func
 - QStandardItemModel::d_func
 - QStatusBar::d_func
 - QStyle::d_func
 - QStyledItemDelegate::d_func
 - QSyntaxHighlighter::d_func
 - QSystemTrayIcon::d_func
 - QTabBar::d_func
 - QTabWidget::d_func
 - QTableView::d_func
 - QTableWidget::d_func
 - QTemporaryFile::d_func
 - QTextBlockGroup::d_func
 - QTextBrowser::d_func
 - QTextDocument::d_func
 - QTextEdit::d_func
 - QTextFrame::d_func
 - QTextList::d_func
 - QTextObject::d_func
 - QTextStream::d_func
 - QTextTable::d_func
 - QThread::d_func
 - QThreadPool::d_func
 - QTimeLine::d_func
 - QToolBar::d_func
 - QToolBox::d_func
 - QToolButton::d_func
 - QTranslator::d_func
 - QTreeView::d_func
 - QTreeWidget::d_func
 - QTreeWidgetItemIterator::d_func
 - QUndoGroup::d_func
 - QUndoStack::d_func
 - QUndoView::d_func
 - QUrl::data_ptr
 - QUrl::detach
 - QUrl::isDetached
 - QValidator::d_func
 - QVector::detach
 - QVector::isDetached
 - QWidget::create
 - QWidget::d_func
 - QWidget::find
 - QWidget::handle
 - QWidget::internalWinId
 - QWidget::styleChange
 - QWidgetAction::d_func
 - QWindowsStyle::d_func
 - QWizard::d_func
 - QWizardPage::d_func
 - QWorkspace::d_func
 - QXmlStreamReader::d_func
 - QXmlStreamWriter::d_func
************************************************************************

************************************************************************
Type redefined to not be a class
************************************************************************

************************************************************************
Unmatched argument type
 - QAbstractButton::QAbstractButton
 - QAbstractEventDispatcher::QAbstractEventDispatcher
 - QAbstractFileEngine::QAbstractFileEngine
 - QAbstractGraphicsShapeItem::QAbstractGraphicsShapeItem
 - QAbstractItemDelegate::QAbstractItemDelegate
 - QAbstractItemModel::QAbstractItemModel
 - QAbstractItemView::QAbstractItemView
 - QAbstractListModel::QAbstractListModel
 - QAbstractPageSetupDialog::QAbstractPageSetupDialog
 - QAbstractPrintDialog::QAbstractPrintDialog
 - QAbstractProxyModel::QAbstractProxyModel
 - QAbstractScrollArea::QAbstractScrollArea
 - QAbstractScrollArea::setViewportMargins
 - QAbstractSlider::QAbstractSlider
 - QAbstractSpinBox::QAbstractSpinBox
 - QAbstractTableModel::QAbstractTableModel
 - QAbstractTextDocumentLayout::QAbstractTextDocumentLayout
 - QAction::QAction
 - QAction::setPriority
 - QAction::setSoftKeyRole
 - QByteArray::QByteArray
 - QCleanlooksStyle::QCleanlooksStyle
 - QClipboardEvent::QClipboardEvent
 - QColumnView::QColumnView
 - QComboBox::QComboBox
 - QCommonStyle::QCommonStyle
 - QCoreApplication::QCoreApplication
 - QDataStream::setFloatingPointPrecision
 - QDialog::QDialog
 - QDirModel::QDirModel
 - QFSFileEngine::QFSFileEngine
 - QFSFileEngine::extension
 - QFSFileEngine::open
 - QFile::QFile
 - QFile::open
 - QFileDialog::QFileDialog
 - QFileInfo::QFileInfo
 - QFileSystemModel::QFileSystemModel
 - QFont::QFont
 - QFont::setHintingPreference
 - QFontDatabase::load
 - QFrame::QFrame
 - QGraphicsItem::QGraphicsItem
 - QGraphicsItem::setGraphicsEffect
 - QGraphicsItem::setInputMethodHints
 - QGraphicsItem::setPanelModality
 - QGraphicsItem::setTransformations
 - QGraphicsLayout::QGraphicsLayout
 - QGraphicsLayoutItem::QGraphicsLayoutItem
 - QGraphicsSceneEvent::QGraphicsSceneEvent
 - QGraphicsView::QGraphicsView
 - QGraphicsWidget::QGraphicsWidget
 - QGtkStyle::QGtkStyle
 - QHash::deleteNode
 - QHash::deleteNode2
 - QHash::duplicateNode
 - QHash::freeData
 - QHeaderView::QHeaderView
 - QIODevice::QIODevice
 - QImage::text
 - QImageIOHandler::QImageIOHandler
 - QInputDialog::getItem
 - QInputDialog::getText
 - QInputDialog::setOptions
 - QItemSelectionModel::QItemSelectionModel
 - QLayout::QLayout
 - QLayout::setContentsMargins
 - QLineEdit::setCursorMoveStyle
 - QLineEdit::setTextMargins
 - QLinkedList::free
 - QLinkedList::fromStdList
 - QList::free
 - QList::fromStdList
 - QList::node_construct
 - QList::node_copy
 - QList::node_destruct
 - QListView::QListView
 - QLocale::QLocale
 - QLocale::currencySymbol
 - QLocale::matchingLocales
 - QLocale::quoteString
 - QLocale::scriptToString
 - QMap::QMap
 - QMap::freeData
 - QMatrix::QMatrix
 - QMenu::QMenu
 - QMotifStyle::QMotifStyle
 - QObject::QObject
 - QObject::setUserData
 - QPaintEngine::QPaintEngine
 - QPainter::drawPixmapFragments
 - QPainter::drawStaticText
 - QPicture::QPicture
 - QPixmap::QPixmap
 - QPixmap::grabWindow
 - QPlainTextEdit::QPlainTextEdit
 - QPluginLoader::setLoadHints
 - QPoint::operator*
 - QPointF::operator*
 - QProcess::setProcessEnvironment
 - QProxyModel::QProxyModel
 - QPushButton::QPushButton
 - QScrollArea::QScrollArea
 - QStandardItem::QStandardItem
 - QStandardItemModel::QStandardItemModel
 - QStyle::QStyle
 - QTableView::QTableView
 - QTextBlock::QTextBlock
 - QTextBlock::iterator::iterator
 - QTextBlockGroup::QTextBlockGroup
 - QTextCharFormat::setFontHintingPreference
 - QTextCursor::QTextCursor
 - QTextDocument::QTextDocument
 - QTextDocument::appendUndoItem
 - QTextDocument::clearUndoRedoStacks
 - QTextDocument::setDefaultCursorMoveStyle
 - QTextEdit::QTextEdit
 - QTextFragment::QTextFragment
 - QTextFrame::QTextFrame
 - QTextFrame::setLayoutData
 - QTextInlineObject::QTextInlineObject
 - QTextLayout::QTextLayout
 - QTextLayout::setCursorMoveStyle
 - QTextLine::QTextLine
 - QTextObject::QTextObject
 - QTextStream::QTextStream
 - QTextStreamManipulator::QTextStreamManipulator
 - QThread::QThread
 - QTimeLine::setEasingCurve
 - QToolButton::QToolButton
 - QTransform::QTransform
 - QTreeView::QTreeView
 - QValidator::QValidator
 - QVector::erase
 - QVector::free
 - QVector::fromStdVector
 - QVector::insert
 - QWidget::QWidget
 - QWidget::grabGesture
 - QWidget::setContentsMargins
 - QWidget::setGraphicsEffect
 - QWidget::setInputMethodHints
 - QWidget::setWindowSurface
 - QWidget::ungrabGesture
 - QWindowsStyle::QWindowsStyle
 - QXmlStreamAttributes::hasAttribute
 - QXmlStreamAttributes::value
 - QXmlStreamReader::readElementText
 - QtConcurrent::blockingFilter
 - QtConcurrent::blockingMap
 - QtConcurrent::selectIteration
 - rviz::Config::Config
 - rviz::Display::deleteStatusStd
 - rviz::Display::emitTimeSignal
 - rviz::Display::initialize
 - rviz::Display::setStatus
 - rviz::Display::setStatusStd
 - rviz::Display::timeSignal
 - rviz::Property::setModel
 - rviz::Tool::initialize
 - rviz::Tool::processKeyEvent
 - rviz::Tool::processMouseEvent
 - rviz::ToolManager::ToolManager
 - rviz::ToolManager::handleChar
 - rviz::ViewController::handleKeyEvent
 - rviz::ViewController::handleMouseEvent
 - rviz::ViewController::initialize
 - rviz::ViewController::lookAt
 - rviz::ViewController::setCursor
 - rviz::ViewManager::ViewManager
 - rviz::ViewManager::setRenderPanel
 - rviz::VisualizationFrame::markRecentConfig
 - rviz::VisualizationFrame::setDisplayConfigFile
 - rviz::VisualizationManager::VisualizationManager
 - rviz::VisualizationManager::handleChar
 - rviz::VisualizationManager::handleMouseEvent
 - rviz::YamlConfigReader::readStream
 - rviz::YamlConfigReader::readYamlNode
 - rviz::YamlConfigWriter::writeConfigNode
 - rviz::YamlConfigWriter::writeStream
************************************************************************

************************************************************************
Unmatched return type
 - QAction::priority
 - QAction::softKeyRole
 - QBitArray::operator[]
 - QByteArray::operator[]
 - QClipboardEvent::data
 - QDataStream::floatingPointPrecision
 - QFont::hintingPreference
 - QGraphicsItem::graphicsEffect
 - QGraphicsItem::inputMethodHints
 - QGraphicsItem::panelModality
 - QGraphicsItem::parentObject
 - QGraphicsItem::toGraphicsObject
 - QGraphicsItem::transformations
 - QHash::begin
 - QHash::concrete
 - QHash::constBegin
 - QHash::constEnd
 - QHash::constFind
 - QHash::createNode
 - QHash::end
 - QHash::erase
 - QHash::find
 - QHash::findNode
 - QHash::insert
 - QHash::insertMulti
 - QImage::textList
 - QInputDialog::options
 - QLayout::contentsMargins
 - QLineEdit::cursorMoveStyle
 - QLineEdit::textMargins
 - QLinkedList::begin
 - QLinkedList::constBegin
 - QLinkedList::constEnd
 - QLinkedList::end
 - QLinkedList::erase
 - QLinkedList::insert
 - QLinkedList::toStdList
 - QList::begin
 - QList::constBegin
 - QList::constEnd
 - QList::detach_helper_grow
 - QList::end
 - QList::erase
 - QList::insert
 - QList::toStdList
 - QLocale::d
 - QLocale::script
 - QMap::begin
 - QMap::concrete
 - QMap::constBegin
 - QMap::constEnd
 - QMap::constFind
 - QMap::end
 - QMap::erase
 - QMap::find
 - QMap::findNode
 - QMap::insert
 - QMap::insertMulti
 - QMap::lowerBound
 - QMap::mutableFindNode
 - QMap::node_create
 - QMap::toStdMap
 - QMap::upperBound
 - QMultiMap::constFind
 - QMultiMap::find
 - QMultiMap::insert
 - QMultiMap::replace
 - QObject::findChild
 - QObject::findChildren
 - QObject::userData
 - QPixmap::pixmapData
 - QPlainTextDocumentLayout::priv
 - QPluginLoader::loadHints
 - QProcess::processEnvironment
 - QSet::begin
 - QSet::constBegin
 - QSet::constEnd
 - QSet::constFind
 - QSet::end
 - QSet::erase
 - QSet::find
 - QSet::insert
 - QTextBlock::docHandle
 - QTextCharFormat::fontHintingPreference
 - QTextDocument::defaultCursorMoveStyle
 - QTextDocument::docHandle
 - QTextFrame::layoutData
 - QTextLayout::cursorMoveStyle
 - QTextLayout::engine
 - QTextObject::docHandle
 - QTimeLine::easingCurve
 - QVector::back
 - QVector::begin
 - QVector::constBegin
 - QVector::constEnd
 - QVector::end
 - QVector::front
 - QVector::malloc
 - QVector::toStdVector
 - QWidget::contentsMargins
 - QWidget::effectiveWinId
 - QWidget::graphicsEffect
 - QWidget::inputMethodHints
 - QWidget::winId
 - QWidget::windowSurface
 - QtConcurrent::blockingFiltered
 - QtConcurrent::blockingFilteredReduced
 - QtConcurrent::blockingMapped
 - QtConcurrent::blockingMappedReduced
 - QtConcurrent::filter
 - QtConcurrent::filterInternal
 - QtConcurrent::filtered
 - QtConcurrent::filteredReduced
 - QtConcurrent::map
 - QtConcurrent::mapped
 - QtConcurrent::mappedReduced
 - QtConcurrent::operator|
 - QtConcurrent::run
 - QtConcurrent::startFiltered
 - QtConcurrent::startFilteredReduced
 - QtConcurrent::startMap
 - QtConcurrent::startMapped
 - QtConcurrent::startMappedReduced
 - QtConcurrent::startThreadEngine
 - rviz::Display::getSceneNode
 - rviz::Property::getModel
 - rviz::Property::getNameStd
 - rviz::ToolManager::getFactory
 - rviz::ToolManager::getPropertyModel
 - rviz::ViewController::getCamera
 - rviz::ViewManager::getFactory
 - rviz::ViewManager::getPropertyModel
 - rviz::ViewManager::getRenderPanel
 - rviz::VisualizationManager::getDisplayFactory
 - rviz::VisualizationManager::getDisplayTreeModel
 - rviz::VisualizationManager::getFrameCount
 - rviz::VisualizationManager::getFrameManager
 - rviz::VisualizationManager::getRenderPanel
 - rviz::VisualizationManager::getSceneManager
 - rviz::VisualizationManager::getSelectionManager
 - rviz::VisualizationManager::getTFClient
 - rviz::VisualizationManager::getThreadedQueue
 - rviz::VisualizationManager::getUpdateQueue
 - rviz::VisualizationManager::getWindowManager
 - rviz::VisualizationManager::visibilityBits
************************************************************************

************************************************************************
Incompatible API
************************************************************************

