************************************************************************
Not in type system
 - QAbstractAnimation
 - QAbstractConcatenable
 - QAbstractFileEngine::ExtensionOption
 - QAbstractFileEngine::ExtensionReturn
 - QAbstractFileEngine::MapExtensionOption
 - QAbstractFileEngine::MapExtensionReturn
 - QAbstractFileEngine::UnMapExtensionOption
 - QAbstractState
 - QAbstractTransition
 - QAbstractUndoItem
 - QAccessible
 - QAccessible2Interface
 - QAccessibleActionInterface
 - QAccessibleApplication
 - QAccessibleBridge
 - QAccessibleBridgeFactoryInterface
 - QAccessibleBridgePlugin
 - QAccessibleEditableTextInterface
 - QAccessibleFactoryInterface
 - QAccessibleImageInterface
 - QAccessibleInterface
 - QAccessibleInterfaceEx
 - QAccessibleObject
 - QAccessibleObjectEx
 - QAccessiblePlugin
 - QAccessibleSimpleEditableTextInterface
 - QAccessibleTable2CellInterface
 - QAccessibleTable2Interface
 - QAccessibleTableInterface
 - QAccessibleTextInterface
 - QAccessibleValueInterface
 - QAccessibleWidget
 - QAccessibleWidgetEx
 - QAnimationDriver
 - QAnimationGroup
 - QAtomicInt
 - QAtomicPointer
 - QBasicAtomicInt
 - QBasicAtomicPointer
 - QBitRef
 - QBrushData
 - QByteArray::Data
 - QByteArrayMatcher::Data
 - QByteRef
 - QCache
 - QCharRef
 - QColormap
 - QConcatenable
 - QContiguousCache
 - QContiguousCacheData
 - QContiguousCacheTypedData
 - QDebug
 - QDragResponseEvent
 - QEasingCurve
 - QElapsedTimer
 - QEventTransition
 - QExplicitlySharedDataPointer
 - QFinalState
 - QFlag
 - QFlags
 - QForeachContainer
 - QForeachContainerBase
 - QFuture
 - QFutureInterface
 - QFutureInterfaceBase
 - QFutureIterator
 - QFutureSynchronizer
 - QFutureWatcher
 - QFutureWatcherBase
 - QGenericMatrix
 - QGesture
 - QGestureEvent
 - QGestureRecognizer
 - QGlobalStatic
 - QGlobalStaticDeleter
 - QGraphicsAnchor
 - QGraphicsAnchorLayout
 - QGraphicsBlurEffect
 - QGraphicsColorizeEffect
 - QGraphicsDropShadowEffect
 - QGraphicsEffect
 - QGraphicsObject
 - QGraphicsOpacityEffect
 - QGraphicsRotation
 - QGraphicsScale
 - QGraphicsTransform
 - QHash::const_iterator
 - QHash::iterator
 - QHashData
 - QHashDummyNode
 - QHashDummyValue
 - QHashIterator
 - QHashNode
 - QHistoryState
 - QIconEngineFactoryInterface
 - QIconEngineFactoryInterfaceV2
 - QIconEnginePlugin
 - QIconEnginePluginV2
 - QIconEngineV2::AvailableSizesArgument
 - QIdentityProxyModel
 - QImageIOHandlerFactoryInterface
 - QImageIOPlugin
 - QImageTextKeyLang
 - QIncompatibleFlag
 - QInputContextFactoryInterface
 - QInputContextPlugin
 - QIntegerForSize>
 - QIntegerForSizeof
 - QInternal
 - QItemEditorCreator
 - QKeyEventTransition
 - QLatin1Char
 - QLatin1Literal
 - QLatin1String
 - QLibrary
 - QLinkedList::const_iterator
 - QLinkedList::iterator
 - QLinkedListData
 - QLinkedListIterator
 - QLinkedListNode
 - QList::Node
 - QList::const_iterator
 - QList::iterator
 - QListData
 - QListIterator
 - QLocale::Data
 - QMap::const_iterator
 - QMap::iterator
 - QMapData
 - QMapIterator
 - QMapNode
 - QMapPayloadNode
 - QMargins
 - QMatrix4x4
 - QMetaType
 - QMetaTypeId
 - QMetaTypeId2
 - QMimeSource
 - QMouseEventTransition
 - QMultiHash
 - QMutableHashIterator
 - QMutableLinkedListIterator
 - QMutableListIterator
 - QMutableMapIterator
 - QMutableSetIterator
 - QMutableVectorIterator
 - QMutexData
 - QNoDebug
 - QObjectCleanupHandler
 - QObjectData
 - QObjectUserData
 - QPainter::PixmapFragment
 - QPainterPathPrivate
 - QPanGesture
 - QParallelAnimationGroup
 - QPauseAnimation
 - QPictureFormatInterface
 - QPictureFormatPlugin
 - QPinchGesture
 - QPointer
 - QProcessEnvironment
 - QPropertyAnimation
 - QProxyStyle
 - QQuaternion
 - QRegion::QRegionData
 - QS60Style
 - QScopedArrayPointer
 - QScopedPointer
 - QScopedPointerArrayDeleter
 - QScopedPointerDeleter
 - QScopedPointerPodDeleter
 - QScopedValueRollback
 - QSequentialAnimationGroup
 - QSet::const_iterator
 - QSet::iterator
 - QSetIterator
 - QSharedData
 - QSharedDataPointer
 - QSharedMemory
 - QSharedPointer
 - QSignalTransition
 - QStandardItemEditorCreator
 - QState
 - QStateMachine
 - QStaticText
 - QStringBuilder
 - QStringMatcher
 - QStyleFactoryInterface
 - QStyleOptionQ3DockWindow
 - QStyleOptionQ3ListView
 - QStyleOptionQ3ListViewItem
 - QStyleOptionTabWidgetFrameV2
 - QStylePlugin
 - QSwipeGesture
 - QSystemLocale::CurrencyToStringArgument
 - QTapAndHoldGesture
 - QTapGesture
 - QTextCodecFactoryInterface
 - QTextCodecPlugin
 - QTextDocumentWriter
 - QTextFrameLayoutData
 - QThreadStorage
 - QThreadStorageData
 - QTileRules
 - QTouchEvent
 - QTypeInfo
 - QUpdateLaterEvent
 - QVFbHeader
 - QVFbKeyData
 - QVarLengthArray
 - QVariantAnimation
 - QVariantComparisonHelper
 - QVector2D
 - QVector3D
 - QVector4D
 - QVectorData
 - QVectorIterator
 - QVectorTypedData
 - QWSEmbedWidget
 - QWeakPointer
 - QWidgetData
 - QWidgetItemV2
 - QWindowsCEStyle
 - QWindowsMobileStyle
 - QWindowsVistaStyle
 - QWindowsXPStyle
 - QXmlStreamStringRef
 - QtConcurrent::BlockSizeManager
 - QtConcurrent::ConstMemberFunctionWrapper
 - QtConcurrent::Exception
 - QtConcurrent::FilterKernel
 - QtConcurrent::FilteredEachKernel
 - QtConcurrent::FilteredReducedKernel
 - QtConcurrent::FunctionWrapper0
 - QtConcurrent::FunctionWrapper1
 - QtConcurrent::FunctionWrapper2
 - QtConcurrent::IntermediateResults
 - QtConcurrent::IterateKernel
 - QtConcurrent::MapKernel
 - QtConcurrent::MappedEachKernel
 - QtConcurrent::MappedReducedKernel
 - QtConcurrent::Median
 - QtConcurrent::MemberFunctionWrapper
 - QtConcurrent::MemberFunctionWrapper1
 - QtConcurrent::ReduceKernel
 - QtConcurrent::ResultItem
 - QtConcurrent::ResultIterator
 - QtConcurrent::ResultIteratorBase
 - QtConcurrent::ResultReporter
 - QtConcurrent::ResultStore
 - QtConcurrent::ResultStoreBase
 - QtConcurrent::RunFunctionTask
 - QtConcurrent::RunFunctionTaskBase
 - QtConcurrent::SelectSpecialization
 - QtConcurrent::SelectStoredConstMemberFunctionCall0
 - QtConcurrent::SelectStoredConstMemberFunctionCall1
 - QtConcurrent::SelectStoredConstMemberFunctionCall2
 - QtConcurrent::SelectStoredConstMemberFunctionCall3
 - QtConcurrent::SelectStoredConstMemberFunctionCall4
 - QtConcurrent::SelectStoredConstMemberFunctionCall5
 - QtConcurrent::SelectStoredConstMemberFunctionPointerCall0
 - QtConcurrent::SelectStoredConstMemberFunctionPointerCall1
 - QtConcurrent::SelectStoredConstMemberFunctionPointerCall2
 - QtConcurrent::SelectStoredConstMemberFunctionPointerCall3
 - QtConcurrent::SelectStoredConstMemberFunctionPointerCall4
 - QtConcurrent::SelectStoredConstMemberFunctionPointerCall5
 - QtConcurrent::SelectStoredFunctorPointerCall0
 - QtConcurrent::SelectStoredFunctorPointerCall1
 - QtConcurrent::SelectStoredFunctorPointerCall2
 - QtConcurrent::SelectStoredFunctorPointerCall3
 - QtConcurrent::SelectStoredFunctorPointerCall4
 - QtConcurrent::SelectStoredFunctorPointerCall5
 - QtConcurrent::SelectStoredMemberFunctionCall0
 - QtConcurrent::SelectStoredMemberFunctionCall1
 - QtConcurrent::SelectStoredMemberFunctionCall2
 - QtConcurrent::SelectStoredMemberFunctionCall3
 - QtConcurrent::SelectStoredMemberFunctionCall4
 - QtConcurrent::SelectStoredMemberFunctionCall5
 - QtConcurrent::SelectStoredMemberFunctionPointerCall0
 - QtConcurrent::SelectStoredMemberFunctionPointerCall1
 - QtConcurrent::SelectStoredMemberFunctionPointerCall2
 - QtConcurrent::SelectStoredMemberFunctionPointerCall3
 - QtConcurrent::SelectStoredMemberFunctionPointerCall4
 - QtConcurrent::SelectStoredMemberFunctionPointerCall5
 - QtConcurrent::SequenceHolder1
 - QtConcurrent::SequenceHolder2
 - QtConcurrent::StoredConstMemberFunctionCall0
 - QtConcurrent::StoredConstMemberFunctionCall1
 - QtConcurrent::StoredConstMemberFunctionCall2
 - QtConcurrent::StoredConstMemberFunctionCall3
 - QtConcurrent::StoredConstMemberFunctionCall4
 - QtConcurrent::StoredConstMemberFunctionCall5
 - QtConcurrent::StoredConstMemberFunctionPointerCall0
 - QtConcurrent::StoredConstMemberFunctionPointerCall1
 - QtConcurrent::StoredConstMemberFunctionPointerCall2
 - QtConcurrent::StoredConstMemberFunctionPointerCall3
 - QtConcurrent::StoredConstMemberFunctionPointerCall4
 - QtConcurrent::StoredConstMemberFunctionPointerCall5
 - QtConcurrent::StoredFunctorCall
 - QtConcurrent::StoredFunctorCall0
 - QtConcurrent::StoredFunctorCall1
 - QtConcurrent::StoredFunctorCall2
 - QtConcurrent::StoredFunctorCall3
 - QtConcurrent::StoredFunctorCall4
 - QtConcurrent::StoredFunctorCall5
 - QtConcurrent::StoredFunctorPointerCall0
 - QtConcurrent::StoredFunctorPointerCall1
 - QtConcurrent::StoredFunctorPointerCall2
 - QtConcurrent::StoredFunctorPointerCall3
 - QtConcurrent::StoredFunctorPointerCall4
 - QtConcurrent::StoredFunctorPointerCall5
 - QtConcurrent::StoredMemberFunctionCall0
 - QtConcurrent::StoredMemberFunctionCall1
 - QtConcurrent::StoredMemberFunctionCall2
 - QtConcurrent::StoredMemberFunctionCall3
 - QtConcurrent::StoredMemberFunctionCall4
 - QtConcurrent::StoredMemberFunctionCall5
 - QtConcurrent::StoredMemberFunctionPointerCall0
 - QtConcurrent::StoredMemberFunctionPointerCall1
 - QtConcurrent::StoredMemberFunctionPointerCall2
 - QtConcurrent::StoredMemberFunctionPointerCall3
 - QtConcurrent::StoredMemberFunctionPointerCall4
 - QtConcurrent::StoredMemberFunctionPointerCall5
 - QtConcurrent::ThreadEngine
 - QtConcurrent::ThreadEngineBarrier
 - QtConcurrent::ThreadEngineBase
 - QtConcurrent::ThreadEngineStarter
 - QtConcurrent::ThreadEngineStarterBase
 - QtConcurrent::UnhandledException
 - QtConcurrent::VoidStoredConstMemberFunctionCall0
 - QtConcurrent::VoidStoredConstMemberFunctionCall1
 - QtConcurrent::VoidStoredConstMemberFunctionCall2
 - QtConcurrent::VoidStoredConstMemberFunctionCall3
 - QtConcurrent::VoidStoredConstMemberFunctionCall4
 - QtConcurrent::VoidStoredConstMemberFunctionCall5
 - QtConcurrent::VoidStoredConstMemberFunctionPointerCall0
 - QtConcurrent::VoidStoredConstMemberFunctionPointerCall1
 - QtConcurrent::VoidStoredConstMemberFunctionPointerCall2
 - QtConcurrent::VoidStoredConstMemberFunctionPointerCall3
 - QtConcurrent::VoidStoredConstMemberFunctionPointerCall4
 - QtConcurrent::VoidStoredConstMemberFunctionPointerCall5
 - QtConcurrent::VoidStoredFunctorPointerCall0
 - QtConcurrent::VoidStoredFunctorPointerCall1
 - QtConcurrent::VoidStoredFunctorPointerCall2
 - QtConcurrent::VoidStoredFunctorPointerCall3
 - QtConcurrent::VoidStoredFunctorPointerCall4
 - QtConcurrent::VoidStoredFunctorPointerCall5
 - QtConcurrent::VoidStoredMemberFunctionCall0
 - QtConcurrent::VoidStoredMemberFunctionCall1
 - QtConcurrent::VoidStoredMemberFunctionCall2
 - QtConcurrent::VoidStoredMemberFunctionCall3
 - QtConcurrent::VoidStoredMemberFunctionCall4
 - QtConcurrent::VoidStoredMemberFunctionCall5
 - QtConcurrent::VoidStoredMemberFunctionPointerCall0
 - QtConcurrent::VoidStoredMemberFunctionPointerCall1
 - QtConcurrent::VoidStoredMemberFunctionPointerCall2
 - QtConcurrent::VoidStoredMemberFunctionPointerCall3
 - QtConcurrent::VoidStoredMemberFunctionPointerCall4
 - QtConcurrent::VoidStoredMemberFunctionPointerCall5
 - QtConcurrent::qValueType
 - _IO_FILE
 - _IO_marker
 - __exception
 - drand48_data
 - qGreater
 - qLess
 - random_data
 - rviz::BitAllocator
 - rviz::ClassIdRecordingFactory
 - rviz::DisplayContext
 - rviz::Factory
 - rviz::Panel
 - rviz::PluginlibFactory
 - rviz::StatusProperty
 - rviz::ViewControllerContainer
 - rviz::VisualizationFrame::PanelRecord
 - rviz::WindowManagerInterface
************************************************************************

************************************************************************
Generation disabled by type system
************************************************************************

************************************************************************
Type redefined to not be a class
 - QBool
 - QChar
 - QString
 - QStringList
 - QStringRef
 - QVariant
************************************************************************

************************************************************************
Unmatched argument type
************************************************************************

************************************************************************
Unmatched return type
************************************************************************

************************************************************************
Incompatible API
************************************************************************

